0 info it worked if it ends with ok
1 verbose cli [ 'C:\\Program Files\\nodejs\\node.exe',
1 verbose cli   'C:\\Program Files\\nodejs\\node_modules\\npm\\bin\\npm-cli.js',
1 verbose cli   'rebuild',
1 verbose cli   'node-sass' ]
2 info using npm@3.10.8
3 info using node@v6.9.1
4 info readInstalled object
5 verbose rebuild path, id [ 'c:\\workspace\\bhook\\node_modules\\gulp-sass\\node_modules\\node-sass',
5 verbose rebuild   'node-sass@3.10.0' ]
6 verbose rebuild path, id [ 'c:\\workspace\\bhook\\node_modules\\node-sass',
6 verbose rebuild   'node-sass@3.4.2' ]
7 silly rebuild set [ 'c:\\workspace\\bhook\\node_modules\\gulp-sass\\node_modules\\node-sass',
7 silly rebuild set   'c:\\workspace\\bhook\\node_modules\\node-sass' ]
8 info build c:\workspace\bhook\node_modules\gulp-sass\node_modules\node-sass
9 info lifecycle node-sass@3.10.0~preinstall: node-sass@3.10.0
10 silly lifecycle node-sass@3.10.0~preinstall: no script for preinstall, continuing
11 info linkStuff node-sass@3.10.0
12 silly linkStuff node-sass@3.10.0 has c:\workspace\bhook\node_modules\gulp-sass\node_modules as its parent node_modules
13 verbose linkBins node-sass@3.10.0
14 verbose link bins [ { 'node-sass': 'bin/node-sass' },
14 verbose link bins   'c:\\workspace\\bhook\\node_modules\\gulp-sass\\node_modules\\.bin',
14 verbose link bins   false ]
15 verbose linkMans node-sass@3.10.0
16 verbose rebuildBundles node-sass@3.10.0
17 verbose rebuildBundles [ '.bin',
17 verbose rebuildBundles   'async-foreach',
17 verbose rebuildBundles   'chalk',
17 verbose rebuildBundles   'cross-spawn',
17 verbose rebuildBundles   'gaze',
17 verbose rebuildBundles   'get-stdin',
17 verbose rebuildBundles   'glob',
17 verbose rebuildBundles   'in-publish',
17 verbose rebuildBundles   'lodash.assign',
17 verbose rebuildBundles   'meow',
17 verbose rebuildBundles   'mkdirp',
17 verbose rebuildBundles   'nan',
17 verbose rebuildBundles   'node-gyp',
17 verbose rebuildBundles   'npmlog',
17 verbose rebuildBundles   'request',
17 verbose rebuildBundles   'sass-graph' ]
18 info lifecycle node-sass@3.10.0~install: node-sass@3.10.0
19 verbose lifecycle node-sass@3.10.0~install: unsafe-perm in lifecycle true
20 verbose lifecycle node-sass@3.10.0~install: PATH: C:\Users\benjamin\AppData\Roaming\nvm\v6.9.1\node_modules\npm\bin\node-gyp-bin;c:\workspace\bhook\node_modules\gulp-sass\node_modules\node-sass\node_modules\.bin;c:\workspace\bhook\node_modules\gulp-sass\node_modules\.bin;c:\workspace\bhook\node_modules\.bin;C:\Program Files\ConEmuPack.160707\ConEmu\Scripts;C:\Program Files\ConEmuPack.160707;C:\Program Files\ConEmuPack.160707\ConEmu;C:\WINDOWS\system32;C:\WINDOWS;C:\WINDOWS\System32\Wbem;C:\WINDOWS\System32\WindowsPowerShell\v1.0\;C:\Program Files (x86)\ATI Technologies\ATI.ACE\Core-Static;C:\Program Files\Git\bin;C:\dev\Python27\;C:\WINDOWS\system32\config\systemprofile\.dnx\bin;C:\Program Files\Microsoft DNX\Dnvm\;C:\Program Files\Microsoft SQL Server\130\Tools\Binn\;C:\Program Files (x86)\Windows Kits\8.1\Windows Performance Toolkit\;C:\Users\benjamin\AppData\Local\Android\sdk\platform-tools;C:\Program Files (x86)\OpenSSL-Win32\bin;C:\Program Files\Java\jdk1.8.0_101\bin;C:\Users\benjamin\AppData\Roaming\nvm;C:\Program Files\nodejs;C:\Users\benjamin\AppData\Roaming\npm;C:\Program Files (x86)\Microsoft VS Code\bin;C:\Program Files\Docker Toolbox;C:\Users\benjamin\AppData\Local\Microsoft\WindowsApps;C:\Users\benjamin\AppData\Roaming\nvm;C:\Program Files\nodejs
21 verbose lifecycle node-sass@3.10.0~install: CWD: c:\workspace\bhook\node_modules\gulp-sass\node_modules\node-sass
22 silly lifecycle node-sass@3.10.0~install: Args: [ '/d /s /c', 'node scripts/install.js' ]
23 silly lifecycle node-sass@3.10.0~install: Returned: code: 0  signal: null
24 info lifecycle node-sass@3.10.0~postinstall: node-sass@3.10.0
25 verbose lifecycle node-sass@3.10.0~postinstall: unsafe-perm in lifecycle true
26 verbose lifecycle node-sass@3.10.0~postinstall: PATH: C:\Users\benjamin\AppData\Roaming\nvm\v6.9.1\node_modules\npm\bin\node-gyp-bin;c:\workspace\bhook\node_modules\gulp-sass\node_modules\node-sass\node_modules\.bin;c:\workspace\bhook\node_modules\gulp-sass\node_modules\.bin;c:\workspace\bhook\node_modules\.bin;C:\Program Files\ConEmuPack.160707\ConEmu\Scripts;C:\Program Files\ConEmuPack.160707;C:\Program Files\ConEmuPack.160707\ConEmu;C:\WINDOWS\system32;C:\WINDOWS;C:\WINDOWS\System32\Wbem;C:\WINDOWS\System32\WindowsPowerShell\v1.0\;C:\Program Files (x86)\ATI Technologies\ATI.ACE\Core-Static;C:\Program Files\Git\bin;C:\dev\Python27\;C:\WINDOWS\system32\config\systemprofile\.dnx\bin;C:\Program Files\Microsoft DNX\Dnvm\;C:\Program Files\Microsoft SQL Server\130\Tools\Binn\;C:\Program Files (x86)\Windows Kits\8.1\Windows Performance Toolkit\;C:\Users\benjamin\AppData\Local\Android\sdk\platform-tools;C:\Program Files (x86)\OpenSSL-Win32\bin;C:\Program Files\Java\jdk1.8.0_101\bin;C:\Users\benjamin\AppData\Roaming\nvm;C:\Program Files\nodejs;C:\Users\benjamin\AppData\Roaming\npm;C:\Program Files (x86)\Microsoft VS Code\bin;C:\Program Files\Docker Toolbox;C:\Users\benjamin\AppData\Local\Microsoft\WindowsApps;C:\Users\benjamin\AppData\Roaming\nvm;C:\Program Files\nodejs
27 verbose lifecycle node-sass@3.10.0~postinstall: CWD: c:\workspace\bhook\node_modules\gulp-sass\node_modules\node-sass
28 silly lifecycle node-sass@3.10.0~postinstall: Args: [ '/d /s /c', 'node scripts/build.js' ]
29 silly lifecycle node-sass@3.10.0~postinstall: Returned: code: 0  signal: null
30 info build c:\workspace\bhook\node_modules\node-sass
31 info lifecycle node-sass@3.4.2~preinstall: node-sass@3.4.2
32 silly lifecycle node-sass@3.4.2~preinstall: no script for preinstall, continuing
33 info linkStuff node-sass@3.4.2
34 silly linkStuff node-sass@3.4.2 has c:\workspace\bhook\node_modules as its parent node_modules
35 verbose linkBins node-sass@3.4.2
36 verbose link bins [ { 'node-sass': 'bin/node-sass' },
36 verbose link bins   'c:\\workspace\\bhook\\node_modules\\.bin',
36 verbose link bins   false ]
37 verbose linkMans node-sass@3.4.2
38 verbose rebuildBundles node-sass@3.4.2
39 verbose rebuildBundles [ 'glob' ]
40 info lifecycle node-sass@3.4.2~install: node-sass@3.4.2
41 verbose lifecycle node-sass@3.4.2~install: unsafe-perm in lifecycle true
42 verbose lifecycle node-sass@3.4.2~install: PATH: C:\Users\benjamin\AppData\Roaming\nvm\v6.9.1\node_modules\npm\bin\node-gyp-bin;c:\workspace\bhook\node_modules\node-sass\node_modules\.bin;c:\workspace\bhook\node_modules\.bin;C:\Program Files\ConEmuPack.160707\ConEmu\Scripts;C:\Program Files\ConEmuPack.160707;C:\Program Files\ConEmuPack.160707\ConEmu;C:\WINDOWS\system32;C:\WINDOWS;C:\WINDOWS\System32\Wbem;C:\WINDOWS\System32\WindowsPowerShell\v1.0\;C:\Program Files (x86)\ATI Technologies\ATI.ACE\Core-Static;C:\Program Files\Git\bin;C:\dev\Python27\;C:\WINDOWS\system32\config\systemprofile\.dnx\bin;C:\Program Files\Microsoft DNX\Dnvm\;C:\Program Files\Microsoft SQL Server\130\Tools\Binn\;C:\Program Files (x86)\Windows Kits\8.1\Windows Performance Toolkit\;C:\Users\benjamin\AppData\Local\Android\sdk\platform-tools;C:\Program Files (x86)\OpenSSL-Win32\bin;C:\Program Files\Java\jdk1.8.0_101\bin;C:\Users\benjamin\AppData\Roaming\nvm;C:\Program Files\nodejs;C:\Users\benjamin\AppData\Roaming\npm;C:\Program Files (x86)\Microsoft VS Code\bin;C:\Program Files\Docker Toolbox;C:\Users\benjamin\AppData\Local\Microsoft\WindowsApps;C:\Users\benjamin\AppData\Roaming\nvm;C:\Program Files\nodejs
43 verbose lifecycle node-sass@3.4.2~install: CWD: c:\workspace\bhook\node_modules\node-sass
44 silly lifecycle node-sass@3.4.2~install: Args: [ '/d /s /c', 'node scripts/install.js' ]
45 silly lifecycle node-sass@3.4.2~install: Returned: code: 0  signal: null
46 info lifecycle node-sass@3.4.2~postinstall: node-sass@3.4.2
47 verbose lifecycle node-sass@3.4.2~postinstall: unsafe-perm in lifecycle true
48 verbose lifecycle node-sass@3.4.2~postinstall: PATH: C:\Users\benjamin\AppData\Roaming\nvm\v6.9.1\node_modules\npm\bin\node-gyp-bin;c:\workspace\bhook\node_modules\node-sass\node_modules\.bin;c:\workspace\bhook\node_modules\.bin;C:\Program Files\ConEmuPack.160707\ConEmu\Scripts;C:\Program Files\ConEmuPack.160707;C:\Program Files\ConEmuPack.160707\ConEmu;C:\WINDOWS\system32;C:\WINDOWS;C:\WINDOWS\System32\Wbem;C:\WINDOWS\System32\WindowsPowerShell\v1.0\;C:\Program Files (x86)\ATI Technologies\ATI.ACE\Core-Static;C:\Program Files\Git\bin;C:\dev\Python27\;C:\WINDOWS\system32\config\systemprofile\.dnx\bin;C:\Program Files\Microsoft DNX\Dnvm\;C:\Program Files\Microsoft SQL Server\130\Tools\Binn\;C:\Program Files (x86)\Windows Kits\8.1\Windows Performance Toolkit\;C:\Users\benjamin\AppData\Local\Android\sdk\platform-tools;C:\Program Files (x86)\OpenSSL-Win32\bin;C:\Program Files\Java\jdk1.8.0_101\bin;C:\Users\benjamin\AppData\Roaming\nvm;C:\Program Files\nodejs;C:\Users\benjamin\AppData\Roaming\npm;C:\Program Files (x86)\Microsoft VS Code\bin;C:\Program Files\Docker Toolbox;C:\Users\benjamin\AppData\Local\Microsoft\WindowsApps;C:\Users\benjamin\AppData\Roaming\nvm;C:\Program Files\nodejs
49 verbose lifecycle node-sass@3.4.2~postinstall: CWD: c:\workspace\bhook\node_modules\node-sass
50 silly lifecycle node-sass@3.4.2~postinstall: Args: [ '/d /s /c', 'node scripts/build.js' ]
51 silly lifecycle node-sass@3.4.2~postinstall: Returned: code: 1  signal: null
52 info lifecycle node-sass@3.4.2~postinstall: Failed to exec postinstall script
53 verbose stack Error: node-sass@3.4.2 postinstall: `node scripts/build.js`
53 verbose stack Exit status 1
53 verbose stack     at EventEmitter.<anonymous> (C:\Users\benjamin\AppData\Roaming\nvm\v6.9.1\node_modules\npm\lib\utils\lifecycle.js:255:16)
53 verbose stack     at emitTwo (events.js:106:13)
53 verbose stack     at EventEmitter.emit (events.js:191:7)
53 verbose stack     at ChildProcess.<anonymous> (C:\Users\benjamin\AppData\Roaming\nvm\v6.9.1\node_modules\npm\lib\utils\spawn.js:40:14)
53 verbose stack     at emitTwo (events.js:106:13)
53 verbose stack     at ChildProcess.emit (events.js:191:7)
53 verbose stack     at maybeClose (internal/child_process.js:877:16)
53 verbose stack     at Process.ChildProcess._handle.onexit (internal/child_process.js:226:5)
54 verbose pkgid node-sass@3.4.2
55 verbose cwd c:\workspace\bhook
56 error Windows_NT 10.0.14393
57 error argv "C:\\Program Files\\nodejs\\node.exe" "C:\\Program Files\\nodejs\\node_modules\\npm\\bin\\npm-cli.js" "rebuild" "node-sass"
58 error node v6.9.1
59 error npm  v3.10.8
60 error code ELIFECYCLE
61 error node-sass@3.4.2 postinstall: `node scripts/build.js`
61 error Exit status 1
62 error Failed at the node-sass@3.4.2 postinstall script 'node scripts/build.js'.
62 error Make sure you have the latest version of node.js and npm installed.
62 error If you do, this is most likely a problem with the node-sass package,
62 error not with npm itself.
62 error Tell the author that this fails on your system:
62 error     node scripts/build.js
62 error You can get information on how to open an issue for this project with:
62 error     npm bugs node-sass
62 error Or if that isn't available, you can get their info via:
62 error     npm owner ls node-sass
62 error There is likely additional logging output above.
63 verbose exit [ 1, true ]
